# JRE version: Java(TM) SE Runtime Environment (8.0_171-b11) (build 1.8.0_171-b11)
# Java VM: Java HotSpot(TM) 64-Bit Server VM (25.171-b11 mixed mode windows-amd64 compressed oops)
Heap:
 PSYoungGen      total 279552K, used 121933K [0x00000000d5e00000, 0x00000000ea900000, 0x0000000100000000)
  eden space 260096K, 39% used [0x00000000d5e00000,0x00000000dc216af8,0x00000000e5c00000)
  from space 19456K, 99% used [0x00000000e5c00000,0x00000000e6efcba8,0x00000000e6f00000)
  to   space 27648K, 0% used [0x00000000e8e00000,0x00000000e8e00000,0x00000000ea900000)
 ParOldGen       total 82432K, used 42125K [0x0000000081a00000, 0x0000000086a80000, 0x00000000d5e00000)
  object space 82432K, 51% used [0x0000000081a00000,0x00000000843234f0,0x0000000086a80000)
 Metaspace       used 30262K, capacity 31134K, committed 31360K, reserved 1077248K
  class space    used 3430K, capacity 3710K, committed 3712K, reserved 1048576K
GC Heap History (10 events):
Event: 7.909 GC heap before
{Heap before GC invocations=6 (full 0):
 PSYoungGen      total 71680K, used 71656K [0x00000000d5e00000, 0x00000000dfc00000, 0x0000000100000000)
  eden space 66560K, 100% used [0x00000000d5e00000,0x00000000d9f00000,0x00000000d9f00000)
  from space 5120K, 99% used [0x00000000d9f00000,0x00000000da3fa020,0x00000000da400000)
  to   space 14336K, 0% used [0x00000000dee00000,0x00000000dee00000,0x00000000dfc00000)
 ParOldGen       total 87552K, used 17715K [0x0000000081a00000, 0x0000000086f80000, 0x00000000d5e00000)
  object space 87552K, 20% used [0x0000000081a00000,0x0000000082b4ce00,0x0000000086f80000)
 Metaspace       used 16175K, capacity 16574K, committed 16640K, reserved 1064960K
  class space    used 1889K, capacity 1985K, committed 2048K, reserved 1048576K
Event: 7.930 GC heap after
Heap after GC invocations=6 (full 0):
 PSYoungGen      total 146944K, used 11464K [0x00000000d5e00000, 0x00000000dfd00000, 0x0000000100000000)
  eden space 132608K, 0% used [0x00000000d5e00000,0x00000000d5e00000,0x00000000ddf80000)
  from space 14336K, 79% used [0x00000000dee00000,0x00000000df932020,0x00000000dfc00000)
  to   space 14848K, 0% used [0x00000000ddf80000,0x00000000ddf80000,0x00000000dee00000)
 ParOldGen       total 87552K, used 17723K [0x0000000081a00000, 0x0000000086f80000, 0x00000000d5e00000)
  object space 87552K, 20% used [0x0000000081a00000,0x0000000082b4ee00,0x0000000086f80000)
 Metaspace       used 16175K, capacity 16574K, committed 16640K, reserved 1064960K
  class space    used 1889K, capacity 1985K, committed 2048K, reserved 1048576K
}
Event: 18.159 GC heap before
{Heap before GC invocations=7 (full 0):
 PSYoungGen      total 146944K, used 124466K [0x00000000d5e00000, 0x00000000dfd00000, 0x0000000100000000)
  eden space 132608K, 85% used [0x00000000d5e00000,0x00000000dcc5a7f0,0x00000000ddf80000)
  from space 14336K, 79% used [0x00000000dee00000,0x00000000df932020,0x00000000dfc00000)
  to   space 14848K, 0% used [0x00000000ddf80000,0x00000000ddf80000,0x00000000dee00000)
 ParOldGen       total 87552K, used 17723K [0x0000000081a00000, 0x0000000086f80000, 0x00000000d5e00000)
  object space 87552K, 20% used [0x0000000081a00000,0x0000000082b4ee00,0x0000000086f80000)
 Metaspace       used 20617K, capacity 21142K, committed 21296K, reserved 1069056K
  class space    used 2460K, capacity 2617K, committed 2688K, reserved 1048576K
Event: 18.193 GC heap after
Heap after GC invocations=7 (full 0):
 PSYoungGen      total 147456K, used 14575K [0x00000000d5e00000, 0x00000000e8200000, 0x0000000100000000)
  eden space 132608K, 0% used [0x00000000d5e00000,0x00000000d5e00000,0x00000000ddf80000)
  from space 14848K, 98% used [0x00000000ddf80000,0x00000000dedbbcc0,0x00000000dee00000)
  to   space 16896K, 0% used [0x00000000e7180000,0x00000000e7180000,0x00000000e8200000)
 ParOldGen       total 87552K, used 19413K [0x0000000081a00000, 0x0000000086f80000, 0x00000000d5e00000)
  object space 87552K, 22% used [0x0000000081a00000,0x0000000082cf5640,0x0000000086f80000)
 Metaspace       used 20617K, capacity 21142K, committed 21296K, reserved 1069056K
  class space    used 2460K, capacity 2617K, committed 2688K, reserved 1048576K
}
Event: 18.193 GC heap before
{Heap before GC invocations=8 (full 1):
 PSYoungGen      total 147456K, used 14575K [0x00000000d5e00000, 0x00000000e8200000, 0x0000000100000000)
  eden space 132608K, 0% used [0x00000000d5e00000,0x00000000d5e00000,0x00000000ddf80000)
  from space 14848K, 98% used [0x00000000ddf80000,0x00000000dedbbcc0,0x00000000dee00000)
  to   space 16896K, 0% used [0x00000000e7180000,0x00000000e7180000,0x00000000e8200000)
 ParOldGen       total 87552K, used 19413K [0x0000000081a00000, 0x0000000086f80000, 0x00000000d5e00000)
  object space 87552K, 22% used [0x0000000081a00000,0x0000000082cf5640,0x0000000086f80000)
 Metaspace       used 20617K, capacity 21142K, committed 21296K, reserved 1069056K
  class space    used 2460K, capacity 2617K, committed 2688K, reserved 1048576K
Event: 18.327 GC heap after
Heap after GC invocations=8 (full 1):
 PSYoungGen      total 147456K, used 0K [0x00000000d5e00000, 0x00000000e8200000, 0x0000000100000000)
  eden space 132608K, 0% used [0x00000000d5e00000,0x00000000d5e00000,0x00000000ddf80000)
  from space 14848K, 0% used [0x00000000ddf80000,0x00000000ddf80000,0x00000000dee00000)
  to   space 16896K, 0% used [0x00000000e7180000,0x00000000e7180000,0x00000000e8200000)
 ParOldGen       total 82432K, used 27363K [0x0000000081a00000, 0x0000000086a80000, 0x00000000d5e00000)
  object space 82432K, 33% used [0x0000000081a00000,0x00000000834b8ec0,0x0000000086a80000)
 Metaspace       used 20617K, capacity 21142K, committed 21296K, reserved 1069056K
  class space    used 2460K, capacity 2617K, committed 2688K, reserved 1048576K
}
Event: 23.198 GC heap before
{Heap before GC invocations=9 (full 1):
 PSYoungGen      total 147456K, used 132608K [0x00000000d5e00000, 0x00000000e8200000, 0x0000000100000000)
  eden space 132608K, 100% used [0x00000000d5e00000,0x00000000ddf80000,0x00000000ddf80000)
  from space 14848K, 0% used [0x00000000ddf80000,0x00000000ddf80000,0x00000000dee00000)
  to   space 16896K, 0% used [0x00000000e7180000,0x00000000e7180000,0x00000000e8200000)
 ParOldGen       total 82432K, used 27363K [0x0000000081a00000, 0x0000000086a80000, 0x00000000d5e00000)
  object space 82432K, 33% used [0x0000000081a00000,0x00000000834b8ec0,0x0000000086a80000)
 Metaspace       used 25150K, capacity 25874K, committed 25984K, reserved 1073152K
  class space    used 2914K, capacity 3139K, committed 3200K, reserved 1048576K
Event: 23.239 GC heap after
Heap after GC invocations=9 (full 1):
 PSYoungGen      total 228352K, used 16879K [0x00000000d5e00000, 0x00000000e8200000, 0x0000000100000000)
  eden space 211456K, 0% used [0x00000000d5e00000,0x00000000d5e00000,0x00000000e2c80000)
  from space 16896K, 99% used [0x00000000e7180000,0x00000000e81fbff8,0x00000000e8200000)
  to   space 19456K, 0% used [0x00000000e5c00000,0x00000000e5c00000,0x00000000e6f00000)
 ParOldGen       total 82432K, used 27814K [0x0000000081a00000, 0x0000000086a80000, 0x00000000d5e00000)
  object space 82432K, 33% used [0x0000000081a00000,0x0000000083529b10,0x0000000086a80000)
 Metaspace       used 25150K, capacity 25874K, committed 25984K, reserved 1073152K
  class space    used 2914K, capacity 3139K, committed 3200K, reserved 1048576K
}
Event: 30.969 GC heap before
{Heap before GC invocations=10 (full 1):
 PSYoungGen      total 228352K, used 228335K [0x00000000d5e00000, 0x00000000e8200000, 0x0000000100000000)
  eden space 211456K, 100% used [0x00000000d5e00000,0x00000000e2c80000,0x00000000e2c80000)
  from space 16896K, 99% used [0x00000000e7180000,0x00000000e81fbff8,0x00000000e8200000)
  to   space 19456K, 0% used [0x00000000e5c00000,0x00000000e5c00000,0x00000000e6f00000)
 ParOldGen       total 82432K, used 27814K [0x0000000081a00000, 0x0000000086a80000, 0x00000000d5e00000)
  object space 82432K, 33% used [0x0000000081a00000,0x0000000083529b10,0x0000000086a80000)
 Metaspace       used 27729K, capacity 28608K, committed 28800K, reserved 1075200K
  class space    used 3162K, capacity 3450K, committed 3456K, reserved 1048576K
Event: 31.018 GC heap after
Heap after GC invocations=10 (full 1):
 PSYoungGen      total 279552K, used 19442K [0x00000000d5e00000, 0x00000000ea900000, 0x0000000100000000)
  eden space 260096K, 0% used [0x00000000d5e00000,0x00000000d5e00000,0x00000000e5c00000)
  from space 19456K, 99% used [0x00000000e5c00000,0x00000000e6efcba8,0x00000000e6f00000)
  to   space 27648K, 0% used [0x00000000e8e00000,0x00000000e8e00000,0x00000000ea900000)
 ParOldGen       total 82432K, used 42125K [0x0000000081a00000, 0x0000000086a80000, 0x00000000d5e00000)
  object space 82432K, 51% used [0x0000000081a00000,0x00000000843234f0,0x0000000086a80000)
 Metaspace       used 27729K, capacity 28608K, committed 28800K, reserved 1075200K
  class space    used 3162K, capacity 3450K, committed 3456K, reserved 1048576K
}

