# JRE version: Java(TM) SE Runtime Environment (8.0_171-b11) (build 1.8.0_171-b11)
# Java VM: Java HotSpot(TM) 64-Bit Server VM (25.171-b11 mixed mode windows-amd64 compressed oops)
Heap:
 PSYoungGen      total 143360K, used 79807K [0x00000000d5e00000, 0x00000000e4e80000, 0x0000000100000000)
  eden space 131584K, 60% used [0x00000000d5e00000,0x00000000dabeffa0,0x00000000dde80000)
  from space 11776K, 0% used [0x00000000e4300000,0x00000000e4300000,0x00000000e4e80000)
  to   space 8704K, 0% used [0x00000000dde80000,0x00000000dde80000,0x00000000de700000)
 ParOldGen       total 46592K, used 12531K [0x0000000081a00000, 0x0000000084780000, 0x00000000d5e00000)
  object space 46592K, 26% used [0x0000000081a00000,0x000000008263cee8,0x0000000084780000)
 Metaspace       used 38878K, capacity 40210K, committed 40488K, reserved 1085440K
  class space    used 5061K, capacity 5337K, committed 5416K, reserved 1048576K
GC Heap History (10 events):
Event: 2.708 GC heap before
{Heap before GC invocations=6 (full 1):
 PSYoungGen      total 71680K, used 5106K [0x00000000d5e00000, 0x00000000df100000, 0x0000000100000000)
  eden space 66560K, 0% used [0x00000000d5e00000,0x00000000d5e00000,0x00000000d9f00000)
  from space 5120K, 99% used [0x00000000d9f00000,0x00000000da3fcaf8,0x00000000da400000)
  to   space 8704K, 0% used [0x00000000de880000,0x00000000de880000,0x00000000df100000)
 ParOldGen       total 87552K, used 5775K [0x0000000081a00000, 0x0000000086f80000, 0x00000000d5e00000)
  object space 87552K, 6% used [0x0000000081a00000,0x0000000081fa3f50,0x0000000086f80000)
 Metaspace       used 20632K, capacity 21236K, committed 21296K, reserved 1067008K
  class space    used 2658K, capacity 2838K, committed 2864K, reserved 1048576K
Event: 2.750 GC heap after
Heap after GC invocations=6 (full 1):
 PSYoungGen      total 71680K, used 0K [0x00000000d5e00000, 0x00000000df100000, 0x0000000100000000)
  eden space 66560K, 0% used [0x00000000d5e00000,0x00000000d5e00000,0x00000000d9f00000)
  from space 5120K, 0% used [0x00000000d9f00000,0x00000000d9f00000,0x00000000da400000)
  to   space 8704K, 0% used [0x00000000de880000,0x00000000de880000,0x00000000df100000)
 ParOldGen       total 46592K, used 5271K [0x0000000081a00000, 0x0000000084780000, 0x00000000d5e00000)
  object space 46592K, 11% used [0x0000000081a00000,0x0000000081f25df8,0x0000000084780000)
 Metaspace       used 20632K, capacity 21236K, committed 21296K, reserved 1067008K
  class space    used 2658K, capacity 2838K, committed 2864K, reserved 1048576K
}
Event: 3.694 GC heap before
{Heap before GC invocations=7 (full 1):
 PSYoungGen      total 71680K, used 66560K [0x00000000d5e00000, 0x00000000df100000, 0x0000000100000000)
  eden space 66560K, 100% used [0x00000000d5e00000,0x00000000d9f00000,0x00000000d9f00000)
  from space 5120K, 0% used [0x00000000d9f00000,0x00000000d9f00000,0x00000000da400000)
  to   space 8704K, 0% used [0x00000000de880000,0x00000000de880000,0x00000000df100000)
 ParOldGen       total 46592K, used 5271K [0x0000000081a00000, 0x0000000084780000, 0x00000000d5e00000)
  object space 46592K, 11% used [0x0000000081a00000,0x0000000081f25df8,0x0000000084780000)
 Metaspace       used 26292K, capacity 27114K, committed 27312K, reserved 1073152K
  class space    used 3335K, capacity 3499K, committed 3504K, reserved 1048576K
Event: 3.705 GC heap after
Heap after GC invocations=7 (full 1):
 PSYoungGen      total 130048K, used 7031K [0x00000000d5e00000, 0x00000000def80000, 0x0000000100000000)
  eden space 122880K, 0% used [0x00000000d5e00000,0x00000000d5e00000,0x00000000dd600000)
  from space 7168K, 98% used [0x00000000de880000,0x00000000def5dd80,0x00000000def80000)
  to   space 8704K, 0% used [0x00000000dde80000,0x00000000dde80000,0x00000000de700000)
 ParOldGen       total 46592K, used 5343K [0x0000000081a00000, 0x0000000084780000, 0x00000000d5e00000)
  object space 46592K, 11% used [0x0000000081a00000,0x0000000081f37e08,0x0000000084780000)
 Metaspace       used 26292K, capacity 27114K, committed 27312K, reserved 1073152K
  class space    used 3335K, capacity 3499K, committed 3504K, reserved 1048576K
}
Event: 5.431 GC heap before
{Heap before GC invocations=8 (full 1):
 PSYoungGen      total 130048K, used 129911K [0x00000000d5e00000, 0x00000000def80000, 0x0000000100000000)
  eden space 122880K, 100% used [0x00000000d5e00000,0x00000000dd600000,0x00000000dd600000)
  from space 7168K, 98% used [0x00000000de880000,0x00000000def5dd80,0x00000000def80000)
  to   space 8704K, 0% used [0x00000000dde80000,0x00000000dde80000,0x00000000de700000)
 ParOldGen       total 46592K, used 5343K [0x0000000081a00000, 0x0000000084780000, 0x00000000d5e00000)
  object space 46592K, 11% used [0x0000000081a00000,0x0000000081f37e08,0x0000000084780000)
 Metaspace       used 34170K, capacity 35354K, committed 35496K, reserved 1079296K
  class space    used 4396K, capacity 4665K, committed 4776K, reserved 1048576K
Event: 5.454 GC heap after
Heap after GC invocations=8 (full 1):
 PSYoungGen      total 140288K, used 8701K [0x00000000d5e00000, 0x00000000e4e80000, 0x0000000100000000)
  eden space 131584K, 0% used [0x00000000d5e00000,0x00000000d5e00000,0x00000000dde80000)
  from space 8704K, 99% used [0x00000000dde80000,0x00000000de6ff698,0x00000000de700000)
  to   space 11776K, 0% used [0x00000000e4300000,0x00000000e4300000,0x00000000e4e80000)
 ParOldGen       total 46592K, used 9071K [0x0000000081a00000, 0x0000000084780000, 0x00000000d5e00000)
  object space 46592K, 19% used [0x0000000081a00000,0x00000000822dbe88,0x0000000084780000)
 Metaspace       used 34170K, capacity 35354K, committed 35496K, reserved 1079296K
  class space    used 4396K, capacity 4665K, committed 4776K, reserved 1048576K
}
Event: 5.461 GC heap before
{Heap before GC invocations=9 (full 1):
 PSYoungGen      total 140288K, used 10587K [0x00000000d5e00000, 0x00000000e4e80000, 0x0000000100000000)
  eden space 131584K, 1% used [0x00000000d5e00000,0x00000000d5fd7758,0x00000000dde80000)
  from space 8704K, 99% used [0x00000000dde80000,0x00000000de6ff698,0x00000000de700000)
  to   space 11776K, 0% used [0x00000000e4300000,0x00000000e4300000,0x00000000e4e80000)
 ParOldGen       total 46592K, used 9071K [0x0000000081a00000, 0x0000000084780000, 0x00000000d5e00000)
  object space 46592K, 19% used [0x0000000081a00000,0x00000000822dbe88,0x0000000084780000)
 Metaspace       used 34176K, capacity 35354K, committed 35496K, reserved 1079296K
  class space    used 4397K, capacity 4665K, committed 4776K, reserved 1048576K
Event: 5.477 GC heap after
Heap after GC invocations=9 (full 1):
 PSYoungGen      total 143360K, used 7392K [0x00000000d5e00000, 0x00000000e4e80000, 0x0000000100000000)
  eden space 131584K, 0% used [0x00000000d5e00000,0x00000000d5e00000,0x00000000dde80000)
  from space 11776K, 62% used [0x00000000e4300000,0x00000000e4a38040,0x00000000e4e80000)
  to   space 8704K, 0% used [0x00000000dde80000,0x00000000dde80000,0x00000000de700000)
 ParOldGen       total 46592K, used 9079K [0x0000000081a00000, 0x0000000084780000, 0x00000000d5e00000)
  object space 46592K, 19% used [0x0000000081a00000,0x00000000822dde88,0x0000000084780000)
 Metaspace       used 34176K, capacity 35354K, committed 35496K, reserved 1079296K
  class space    used 4397K, capacity 4665K, committed 4776K, reserved 1048576K
}
Event: 5.477 GC heap before
{Heap before GC invocations=10 (full 2):
 PSYoungGen      total 143360K, used 7392K [0x00000000d5e00000, 0x00000000e4e80000, 0x0000000100000000)
  eden space 131584K, 0% used [0x00000000d5e00000,0x00000000d5e00000,0x00000000dde80000)
  from space 11776K, 62% used [0x00000000e4300000,0x00000000e4a38040,0x00000000e4e80000)
  to   space 8704K, 0% used [0x00000000dde80000,0x00000000dde80000,0x00000000de700000)
 ParOldGen       total 46592K, used 9079K [0x0000000081a00000, 0x0000000084780000, 0x00000000d5e00000)
  object space 46592K, 19% used [0x0000000081a00000,0x00000000822dde88,0x0000000084780000)
 Metaspace       used 34176K, capacity 35354K, committed 35496K, reserved 1079296K
  class space    used 4397K, capacity 4665K, committed 4776K, reserved 1048576K
Event: 5.544 GC heap after
Heap after GC invocations=10 (full 2):
 PSYoungGen      total 143360K, used 0K [0x00000000d5e00000, 0x00000000e4e80000, 0x0000000100000000)
  eden space 131584K, 0% used [0x00000000d5e00000,0x00000000d5e00000,0x00000000dde80000)
  from space 11776K, 0% used [0x00000000e4300000,0x00000000e4300000,0x00000000e4e80000)
  to   space 8704K, 0% used [0x00000000dde80000,0x00000000dde80000,0x00000000de700000)
 ParOldGen       total 46592K, used 12531K [0x0000000081a00000, 0x0000000084780000, 0x00000000d5e00000)
  object space 46592K, 26% used [0x0000000081a00000,0x000000008263cee8,0x0000000084780000)
 Metaspace       used 34176K, capacity 35354K, committed 35496K, reserved 1079296K
  class space    used 4397K, capacity 4665K, committed 4776K, reserved 1048576K
}

